Traceback (most recent call last):
  File "<frozen runpy>", line 198, in _run_module_as_main
  File "<frozen runpy>", line 88, in _run_code
  File "C:\Users\dmene\Projetos\innovai\repos\swaif_LTV-mentoria\backend\.vendor\uvicorn\__main__.py", line 4, in <module>
    uvicorn.main()
    ~~~~~~~~~~~~^^
  File "C:\Users\dmene\Projetos\innovai\repos\swaif_LTV-mentoria\backend\.vendor\click\core.py", line 1485, in __call__
    return self.main(*args, **kwargs)
           ~~~~~~~~~^^^^^^^^^^^^^^^^^
  File "C:\Users\dmene\Projetos\innovai\repos\swaif_LTV-mentoria\backend\.vendor\click\core.py", line 1406, in main
    rv = self.invoke(ctx)
  File "C:\Users\dmene\Projetos\innovai\repos\swaif_LTV-mentoria\backend\.vendor\click\core.py", line 1269, in invoke
    return ctx.invoke(self.callback, **ctx.params)
           ~~~~~~~~~~^^^^^^^^^^^^^^^^^^^^^^^^^^^^^
  File "C:\Users\dmene\Projetos\innovai\repos\swaif_LTV-mentoria\backend\.vendor\click\core.py", line 824, in invoke
    return callback(*args, **kwargs)
  File "C:\Users\dmene\Projetos\innovai\repos\swaif_LTV-mentoria\backend\.vendor\uvicorn\main.py", line 433, in main
    run(
    ~~~^
        app,
        ^^^^
    ...<47 lines>...
        h11_max_incomplete_event_size=h11_max_incomplete_event_size,
        ^^^^^^^^^^^^^^^^^^^^^^^^^^^^^^^^^^^^^^^^^^^^^^^^^^^^^^^^^^^^
    )
    ^
  File "C:\Users\dmene\Projetos\innovai\repos\swaif_LTV-mentoria\backend\.vendor\uvicorn\main.py", line 606, in run
    server.run()
    ~~~~~~~~~~^^
  File "C:\Users\dmene\Projetos\innovai\repos\swaif_LTV-mentoria\backend\.vendor\uvicorn\server.py", line 75, in run
    return asyncio_run(self.serve(sockets=sockets), loop_factory=self.config.get_loop_factory())
  File "C:\Python313\Lib\asyncio\runners.py", line 195, in run
    return runner.run(main)
           ~~~~~~~~~~^^^^^^
  File "C:\Python313\Lib\asyncio\runners.py", line 118, in run
    return self._loop.run_until_complete(task)
           ~~~~~~~~~~~~~~~~~~~~~~~~~~~~~^^^^^^
  File "C:\Python313\Lib\asyncio\base_events.py", line 725, in run_until_complete
    return future.result()
           ~~~~~~~~~~~~~^^
  File "C:\Users\dmene\Projetos\innovai\repos\swaif_LTV-mentoria\backend\.vendor\uvicorn\server.py", line 79, in serve
    await self._serve(sockets)
  File "C:\Users\dmene\Projetos\innovai\repos\swaif_LTV-mentoria\backend\.vendor\uvicorn\server.py", line 86, in _serve
    config.load()
    ~~~~~~~~~~~^^
  File "C:\Users\dmene\Projetos\innovai\repos\swaif_LTV-mentoria\backend\.vendor\uvicorn\config.py", line 441, in load
    self.loaded_app = import_from_string(self.app)
                      ~~~~~~~~~~~~~~~~~~^^^^^^^^^^
  File "C:\Users\dmene\Projetos\innovai\repos\swaif_LTV-mentoria\backend\.vendor\uvicorn\importer.py", line 19, in import_from_string
    module = importlib.import_module(module_str)
  File "C:\Python313\Lib\importlib\__init__.py", line 88, in import_module
    return _bootstrap._gcd_import(name[level:], package, level)
           ~~~~~~~~~~~~~~~~~~~~~~^^^^^^^^^^^^^^^^^^^^^^^^^^^^^^
  File "<frozen importlib._bootstrap>", line 1387, in _gcd_import
  File "<frozen importlib._bootstrap>", line 1360, in _find_and_load
  File "<frozen importlib._bootstrap>", line 1331, in _find_and_load_unlocked
  File "<frozen importlib._bootstrap>", line 935, in _load_unlocked
  File "<frozen importlib._bootstrap_external>", line 1026, in exec_module
  File "<frozen importlib._bootstrap>", line 488, in _call_with_frames_removed
  File "C:\Users\dmene\Projetos\innovai\repos\swaif_LTV-mentoria\backend\app\main.py", line 113, in <module>
    app = create_app()
  File "C:\Users\dmene\Projetos\innovai\repos\swaif_LTV-mentoria\backend\app\main.py", line 57, in create_app
    app_env = get_app_env()
  File "C:\Users\dmene\Projetos\innovai\repos\swaif_LTV-mentoria\backend\app\config\runtime.py", line 29, in get_app_env
    raise RuntimeError("APP_ENV is required. Use 'local' for local development or a production-like value for deployment.")
RuntimeError: APP_ENV is required. Use 'local' for local development or a production-like value for deployment.
