
> @swaif/frontend@0.0.0 dev
> vite --port 5174 --host 127.0.0.1 --port 5173

[2m15:31:02[22m [36m[1m[vite][22m[39m [90m[2m(client)[22m[39m Re-optimizing dependencies because lockfile has changed

  [32m[1mVITE[22m v6.4.1[39m  [2mready in [0m[1m1172[22m[2m[0m ms[22m

  [32m➜[39m  [1mLocal[22m:   [36mhttp://127.0.0.1:[1m5173[22m/[39m
[2m[32m  ➜[39m[22m[2m  press [22m[1mh + enter[22m[2m to show help[22m
[2m15:34:45[22m [31m[1m[vite][22m[39m [31mhttp proxy error: /api/v1/auth/refresh[39m
AggregateError [ECONNREFUSED]: 
    at internalConnectMultiple (node:net:1139:18)
    at afterConnectMultiple (node:net:1712:7)
[2m15:34:45[22m [31m[1m[vite][22m[39m [31mhttp proxy error: /api/v1/auth/refresh[39m
AggregateError [ECONNREFUSED]: 
    at internalConnectMultiple (node:net:1139:18)
    at afterConnectMultiple (node:net:1712:7)
[2m15:34:51[22m [31m[1m[vite][22m[39m [31mhttp proxy error: /api/v1/auth/refresh[39m
AggregateError [ECONNREFUSED]: 
    at internalConnectMultiple (node:net:1139:18)
    at afterConnectMultiple (node:net:1712:7)
[2m15:34:51[22m [31m[1m[vite][22m[39m [31mhttp proxy error: /api/v1/auth/refresh[39m
AggregateError [ECONNREFUSED]: 
    at internalConnectMultiple (node:net:1139:18)
    at afterConnectMultiple (node:net:1712:7)
[2m15:34:56[22m [31m[1m[vite][22m[39m [31mhttp proxy error: /api/v1/auth/refresh[39m
AggregateError [ECONNREFUSED]: 
    at internalConnectMultiple (node:net:1139:18)
    at afterConnectMultiple (node:net:1712:7)
[2m15:34:56[22m [31m[1m[vite][22m[39m [31mhttp proxy error: /api/v1/auth/refresh[39m
AggregateError [ECONNREFUSED]: 
    at internalConnectMultiple (node:net:1139:18)
    at afterConnectMultiple (node:net:1712:7)
[2m15:35:03[22m [31m[1m[vite][22m[39m [31mhttp proxy error: /api/v1/auth/refresh[39m
AggregateError [ECONNREFUSED]: 
    at internalConnectMultiple (node:net:1139:18)
    at afterConnectMultiple (node:net:1712:7)
[2m15:35:03[22m [31m[1m[vite][22m[39m [31mhttp proxy error: /api/v1/auth/refresh[39m
AggregateError [ECONNREFUSED]: 
    at internalConnectMultiple (node:net:1139:18)
    at afterConnectMultiple (node:net:1712:7)
[2m15:35:10[22m [31m[1m[vite][22m[39m [31mhttp proxy error: /api/v1/auth/login[39m
AggregateError [ECONNREFUSED]: 
    at internalConnectMultiple (node:net:1139:18)
    at afterConnectMultiple (node:net:1712:7)
[2m15:35:26[22m [31m[1m[vite][22m[39m [31mhttp proxy error: /api/v1/auth/refresh[39m
AggregateError [ECONNREFUSED]: 
    at internalConnectMultiple (node:net:1139:18)
    at afterConnectMultiple (node:net:1712:7)
[2m15:35:26[22m [31m[1m[vite][22m[39m [31mhttp proxy error: /api/v1/auth/refresh[39m
AggregateError [ECONNREFUSED]: 
    at internalConnectMultiple (node:net:1139:18)
    at afterConnectMultiple (node:net:1712:7)
^Cnpm error Lifecycle script `dev` failed with error:
npm error code 3221225786
npm error path C:\Users\dmene\Projetos\innovai\repos\swaif_ltv_mentor\frontend
npm error workspace @swaif/frontend@0.0.0
npm error location C:\Users\dmene\Projetos\innovai\repos\swaif_ltv_mentor\frontend
npm error command failed
npm error command C:\WINDOWS\system32\cmd.exe /d /s /c vite --port 5174 --host 127.0.0.1 --port 5173
